2022-09-16 23:01:09 (success) release
2022-09-16 23:01:09 (success) _looped_task
2022-09-16 23:01:09 (success) upload2pypi
2022-09-16 23:00:47 (startup) upload2pypi
2022-09-16 23:00:47 (startup) _looped_task
2022-09-16 23:00:47 (success) _looped_task
2022-09-16 23:00:47 (success) gitpush
2022-09-16 23:00:42 (startup) gitpush
2022-09-16 23:00:41 (startup) _looped_task
2022-09-16 23:00:41 (success) gitcommit
2022-09-16 23:00:41 (startup) gitcommit
2022-09-16 23:00:41 (success) build
2022-09-16 23:00:40 (startup) build
2022-09-16 23:00:40 (success) gitcommit
2022-09-16 23:00:40 (startup) gitcommit
2022-09-16 23:00:40 (success) gendoc
2022-09-16 23:00:38 (startup) gendoc
2022-09-16 23:00:38 (startup) release
2022-09-16 22:56:52 (success) release
2022-09-16 22:56:52 (success) _looped_task
2022-09-16 22:56:52 (success) upload2pypi
2022-09-16 22:56:36 (startup) upload2pypi
2022-09-16 22:56:36 (startup) _looped_task
2022-09-16 22:56:36 (success) _looped_task
2022-09-16 22:56:36 (success) gitpush
2022-09-16 22:56:30 (startup) gitpush
2022-09-16 22:56:30 (startup) _looped_task
2022-09-16 22:56:30 (success) gitcommit
2022-09-16 22:56:29 (startup) gitcommit
2022-09-16 22:56:29 (success) build
2022-09-16 22:56:27 (startup) build
2022-09-16 22:56:27 (success) gitcommit
2022-09-16 22:56:25 (startup) gitcommit
2022-09-16 22:56:25 (success) gendoc
2022-09-16 22:56:20 (startup) gendoc
2022-09-16 22:56:19 (startup) release
2022-09-15 23:08:21 (success) release
2022-09-15 23:08:21 (success) _looped_task
2022-09-15 23:08:21 (success) upload2pypi
2022-09-15 23:08:12 (startup) upload2pypi
2022-09-15 23:08:12 (startup) _looped_task
2022-09-15 23:08:12 (success) _looped_task
2022-09-15 23:08:12 (success) gitpush
2022-09-15 23:08:06 (startup) gitpush
2022-09-15 23:08:06 (startup) _looped_task
2022-09-15 23:08:06 (success) gitcommit
2022-09-15 23:08:06 (startup) gitcommit
2022-09-15 23:08:06 (success) build
2022-09-15 23:08:04 (startup) build
2022-09-15 23:08:04 (success) gitcommit
2022-09-15 23:08:04 (startup) gitcommit
2022-09-15 23:08:04 (success) gendoc
2022-09-15 23:08:02 (startup) gendoc
2022-09-15 23:08:02 (startup) release
